0 STR
0 DEL 24c44e2c-2994-40b8-9ba1-3fdb70cd0f20
0 ADD 24c44e2c-2994-40b8-9ba1-3fdb70cd0f20
0 COM
1 STR
1 DEL 24c44e2c-2994-40b8-9ba1-3fdb70cd0f20
1 ADD 24c44e2c-2994-40b8-9ba1-3fdb70cd0f20
1 COM
2 STR
2 DEL 24c44e2c-2994-40b8-9ba1-3fdb70cd0f20
2 ADD 24c44e2c-2994-40b8-9ba1-3fdb70cd0f20
2 COM
3 STR
3 DEL 63133a10-d43f-43b6-95f5-e366db3bcea0
3 DEL e1a4b2eb-31ef-4e44-8e61-8dac0948bfa3
3 DEL cd8c21b2-65ce-41de-9c16-3d9163cafa67
3 DEL 89d2ca3b-e10c-4c8a-b699-527f1b91c01d
3 DEL 316fa1e8-c841-4ad9-9d8e-9412a9d95352
3 DEL e53ae087-b8b2-46fb-b898-d164d925b2a7
3 DEL 67caaf7c-4f6c-410d-9c54-90442d8653cb
3 DEL 71f64a80-8952-4f6e-97eb-35101d23ea1e
3 DEL f67a2ce3-cfe4-422d-89ae-beea2a465b1f
3 DEL 9cc7140c-fee7-4f60-8cb3-381317876aa6
3 DEL 29d341ef-2396-453d-9f6a-8a36e6a43aa1
3 DEL 4228c979-011a-4262-94a0-4d83e785aa1e
3 DEL b14fa48b-1ab8-4e67-85f3-a6aba27b39a9
3 DEL de9eb4bf-9f36-42f3-9649-22343d54f899
3 DEL 7bab568c-898d-40db-b958-aa5c36352d15
3 DEL dd7458dd-88d1-4971-a9ee-02ba777896b3
3 DEL 110cdde2-cf81-4d63-8b42-a8272e441037
3 DEL 67d38b1a-3426-48b1-abb1-229999c0c52c
3 DEL d64d95f2-eb4d-4601-8680-6c7de10bfedf
3 DEL 118e72c2-3c02-4d25-8dd5-7ce43a289b29
3 DEL 4a8a8a0d-22de-4506-9d90-ba78c6e861c3
3 DEL 3a18df3e-f781-4688-969f-c9d010c5967a
3 DEL d7523f87-861e-4cd3-a984-ea8fe43631c4
3 DEL 8f200006-3d6a-4cfe-b7cc-222427fceb04
3 DEL d59461ca-fd8f-4dd3-9f94-5eae9c47861c
3 DEL a06c0ccf-1c34-4a48-912b-3c091daa5e72
3 DEL c8b881ed-17ce-43b2-a370-1a76b36c5f66
3 DEL 2863ba17-0df2-44d9-bdca-b70229b43dc5
3 DEL e52bf14e-0cb0-4e1e-b604-6e5cedd799e3
3 DEL 78e8f63f-fcb4-4489-9f5d-41b66c3860de
3 DEL 671c59f9-ecc4-44ab-aaaf-e90de5457b84
3 DEL 57ddecc0-21b6-4697-a74d-182fb24fca7a
3 DEL bb2ec69c-0921-4988-b238-07d29a9a4bc4
3 DEL e5721f74-1459-445d-bde9-858a57e48776
3 DEL 649a19e2-3a06-4171-9130-cda0e545e72e
3 DEL 68f0c897-a483-435f-8df4-8153d7a756cc
3 DEL b0a94b15-6c0f-4244-8897-40f36f159771
3 DEL 72e72465-abf2-49e9-bd5c-44ce61bf364c
3 DEL 082ae0cf-60a2-4692-afb2-a5824983c75c
3 DEL 98d3925a-b007-4a3f-b1f8-a50d83d54e6b
3 DEL 182ae319-cf2f-41a8-9da3-3c76254a9d10
3 ADD 02b7ef37-5be7-4d92-ae12-8090283abd8c
3 ADD 995aa9a7-6b1d-4707-a8e0-eae9a766f54a
3 ADD bd639bd6-9d21-4b7e-8d76-8fd39e281ae5
3 ADD 452a311c-ff72-4c78-94dc-75581763791c
3 ADD d91c980c-81a4-481f-be14-0f581ecbf2e6
3 ADD a091b526-62f9-4495-aa3c-64b45db163a9
3 ADD 97c8c4b0-a00c-453d-808a-4e0a018c9214
3 ADD a6fc603c-da95-4e0a-bb1b-eacb31a1923f
3 ADD 64ed37bd-1417-4c93-a2a4-4c415043c420
3 ADD ce46b114-c4f5-47c1-b963-4d035aedafb8
3 ADD 5e54dc71-90f6-466f-a78e-348b8b6c6401
3 ADD a2c279c2-a904-4eea-90c8-4970295e7cdc
3 ADD c18b245f-2906-420a-b8bd-a841f7752287
3 ADD b4c1bcee-0da7-4307-ad59-fd86ba0a244d
3 ADD c44a1b14-b212-4b9c-b4a6-222c659e0113
3 ADD 5cb3de7d-04eb-4224-bfec-ca99840f00ec
3 ADD 29683382-2ae2-4bdc-9016-5715e8438b0f
3 ADD 7cfdff69-9fdb-43fa-8f64-e98c5a2eda6f
3 ADD d90d022c-e7f5-404b-ad8b-e5176f0c4193
3 ADD bc0c8233-1ef6-43d6-a5dd-71846ad31f4a
3 ADD c23cc0c1-b81a-4791-a3a6-d88f1bcd30b2
3 ADD 7ffe1a36-bcd2-4008-b1d4-768cb6aceac4
3 ADD 7fb56830-d102-438d-bd8d-b3cfbcd72f3b
3 ADD debd828b-d5a7-4d84-a20b-6605b2e915d7
3 ADD 43cccfec-5fcb-4516-b8ca-657891e7cd4d
3 ADD 9ef37035-b2af-4b4f-b7ed-a41b673885ce
3 ADD 025a9204-90e4-44ae-80a1-2b6412579121
3 ADD 01bd0114-c044-4541-8a3d-7857d4503f3f
3 ADD e2af4081-d560-4a54-8967-f3f711fce55c
3 ADD 01f2ef17-d93b-4741-9aec-a009671da84d
3 ADD 73d1cb5a-dfc2-4ea7-bfbc-5adc5e26e883
3 ADD 57ddecc0-21b6-4697-a74d-182fb24fca7a
3 ADD 0582a9e4-2ba5-4315-839e-8252a2630cd5
3 ADD 9c916969-3e24-4afc-8a0e-5e6d4150dabd
3 ADD 2e64c479-965f-4f90-8cc2-b68f7e387616
3 ADD dac832da-070b-4ad9-8058-aa422679b410
3 ADD 3588ab87-9e28-4fc4-9d1f-cc19c16811fe
3 ADD 33d01145-67de-4a3e-a20b-3357ecc4c899
3 ADD f08ea080-8dc2-42b0-ab69-060c71ad7ec3
3 ADD 189a861c-dfde-4d9a-87a0-96477207c65e
3 ADD adf308e8-ea12-4d81-a887-4d394b1fded4
3 COM
4 STR
4 DEL 025a9204-90e4-44ae-80a1-2b6412579121
4 ADD 025a9204-90e4-44ae-80a1-2b6412579121
4 COM
5 STR
5 DEL 01f2ef17-d93b-4741-9aec-a009671da84d
5 ADD 01f2ef17-d93b-4741-9aec-a009671da84d
5 COM
