24-Aug-2016 14:50:37.217 INFO [main] org.apache.catalina.core.AprLifecycleListener.lifecycleEvent The APR based Apache Tomcat Native library which allows optimal performance in production environments was not found on the java.library.path: C:\Program Files\Java\jdk1.8.0_91\jre\bin;C:\Windows\Sun\Java\bin;C:\Windows\system32;C:\Windows;C:\ProgramData\Oracle\Java\javapath;C:\Program Files\CollabNet\Subversion Client;C:\Program Files\Common Files\Microsoft Shared\Microsoft Online Services;C:\Program Files (x86)\Common Files\Microsoft Shared\Microsoft Online Services;E:\apache-ant-1.9.2\binE:\apache-ant-1.9.2\lib;E:\app\fxiong\product\11.2.0\dbhome_1\bin;C:\Program Files\Common Files\Microsoft Shared\Windows Live;C:\Program Files (x86)\Common Files\Microsoft Shared\Windows Live;C:\Windows\system32;C:\Windows;C:\Windows\System32\Wbem;C:\Windows\System32\WindowsPowerShell\v1.0\;C:\Program Files (x86)\Windows Live\Shared;C:\PROGRA~1\DISKEE~1\DISKEE~1\;C:\Program Files\Java\jdk1.8.0_91\bin;C:\Program Files\Java\jdk1.8.0_91\jre\bin;E:\apache-tomcat-7.0.27\bin;E:\Python30;E:\Ruby200-x64\bin;C:\Program Files\TortoiseSVN\bin;E:\apache-ant-1.9.2\bin;E:\Program Files (x86)\Brackets\command;D:\Apache\apache-maven-3.2.1\bin;D:\Adobe\vault-cli-3.1.6\bin;C:\Program Files (x86)\Skype\Phone\;C:\Program Files\Git\cmd;E:\Program Files\nodejs\;E:\Program Files\TortoiseGit\bin;E:\Program Files\Git LFS;E:\Ruby200-x64\bin;C:\Users\fxiong\AppData\Roaming\npm;.
24-Aug-2016 14:50:37.478 INFO [main] org.apache.coyote.AbstractProtocol.init Initializing ProtocolHandler ["http-nio-8080"]
24-Aug-2016 14:50:37.593 INFO [main] org.apache.tomcat.util.net.NioSelectorPool.getSharedSelector Using a shared selector for servlet write/read
24-Aug-2016 14:50:37.598 INFO [main] org.apache.coyote.AbstractProtocol.init Initializing ProtocolHandler ["ajp-nio-8009"]
24-Aug-2016 14:50:37.603 INFO [main] org.apache.tomcat.util.net.NioSelectorPool.getSharedSelector Using a shared selector for servlet write/read
24-Aug-2016 14:50:37.604 INFO [main] org.apache.catalina.startup.Catalina.load Initialization processed in 1291 ms
24-Aug-2016 14:50:37.643 INFO [main] org.apache.catalina.core.StandardService.startInternal Starting service Catalina
24-Aug-2016 14:50:37.643 INFO [main] org.apache.catalina.core.StandardEngine.startInternal Starting Servlet Engine: Apache Tomcat/8.0.36
24-Aug-2016 14:50:37.725 INFO [localhost-startStop-1] org.apache.catalina.startup.HostConfig.deployWAR Deploying web application archive D:\eclipse\eclipse-nenon-x64\workspace\kohler\target\tomcat8x\webapps\cargocpc.war
24-Aug-2016 14:50:38.621 INFO [localhost-startStop-1] org.apache.catalina.startup.HostConfig.deployWAR Deployment of web application archive D:\eclipse\eclipse-nenon-x64\workspace\kohler\target\tomcat8x\webapps\cargocpc.war has finished in 896 ms
24-Aug-2016 14:50:38.621 INFO [localhost-startStop-1] org.apache.catalina.startup.HostConfig.deployWAR Deploying web application archive D:\eclipse\eclipse-nenon-x64\workspace\kohler\target\tomcat8x\webapps\cms.war
24-Aug-2016 14:51:20.953 INFO [localhost-startStop-1] org.apache.catalina.startup.HostConfig.deployWAR Deployment of web application archive D:\eclipse\eclipse-nenon-x64\workspace\kohler\target\tomcat8x\webapps\cms.war has finished in 42,332 ms
24-Aug-2016 14:51:20.961 INFO [localhost-startStop-1] org.apache.catalina.startup.HostConfig.deployWAR Deploying web application archive D:\eclipse\eclipse-nenon-x64\workspace\kohler\target\tomcat8x\webapps\essentials.war
24-Aug-2016 14:51:48.129 INFO [localhost-startStop-1] org.apache.catalina.startup.HostConfig.deployWAR Deployment of web application archive D:\eclipse\eclipse-nenon-x64\workspace\kohler\target\tomcat8x\webapps\essentials.war has finished in 27,168 ms
24-Aug-2016 14:51:48.137 INFO [localhost-startStop-1] org.apache.catalina.startup.HostConfig.deployWAR Deploying web application archive D:\eclipse\eclipse-nenon-x64\workspace\kohler\target\tomcat8x\webapps\site.war
24-Aug-2016 14:51:48.150 INFO [localhost-startStop-1] org.apache.catalina.realm.JAASRealm.setUseContextClassLoader Setting useContextClassLoader = true
24-Aug-2016 14:52:04.245 INFO [localhost-startStop-1] org.apache.catalina.startup.HostConfig.deployWAR Deployment of web application archive D:\eclipse\eclipse-nenon-x64\workspace\kohler\target\tomcat8x\webapps\site.war has finished in 16,107 ms
24-Aug-2016 14:52:04.266 INFO [localhost-startStop-1] org.apache.catalina.startup.HostConfig.deployDirectory Deploying web application directory D:\eclipse\eclipse-nenon-x64\workspace\kohler\target\tomcat8x\webapps\host-manager
24-Aug-2016 14:52:04.362 INFO [localhost-startStop-1] org.apache.catalina.startup.HostConfig.deployDirectory Deployment of web application directory D:\eclipse\eclipse-nenon-x64\workspace\kohler\target\tomcat8x\webapps\host-manager has finished in 96 ms
24-Aug-2016 14:52:04.362 INFO [localhost-startStop-1] org.apache.catalina.startup.HostConfig.deployDirectory Deploying web application directory D:\eclipse\eclipse-nenon-x64\workspace\kohler\target\tomcat8x\webapps\manager
24-Aug-2016 14:52:04.483 INFO [localhost-startStop-1] org.apache.catalina.startup.HostConfig.deployDirectory Deployment of web application directory D:\eclipse\eclipse-nenon-x64\workspace\kohler\target\tomcat8x\webapps\manager has finished in 121 ms
24-Aug-2016 14:52:04.511 INFO [main] org.apache.coyote.AbstractProtocol.start Starting ProtocolHandler ["http-nio-8080"]
24-Aug-2016 14:52:04.529 INFO [main] org.apache.coyote.AbstractProtocol.start Starting ProtocolHandler ["ajp-nio-8009"]
24-Aug-2016 14:52:04.533 INFO [main] org.apache.catalina.startup.Catalina.start Server startup in 86956 ms
24-Aug-2016 14:56:24.790 INFO [ContainerBackgroundProcessor[StandardEngine[Catalina]]] org.apache.catalina.startup.HostConfig.undeploy Undeploying context [/site]
24-Aug-2016 14:56:25.061 INFO [localhost-startStop-2] org.apache.catalina.startup.HostConfig.deployWAR Deploying web application archive D:\eclipse\eclipse-nenon-x64\workspace\kohler\target\tomcat8x\webapps\site.war
24-Aug-2016 14:56:25.071 INFO [localhost-startStop-2] org.apache.catalina.realm.JAASRealm.setUseContextClassLoader Setting useContextClassLoader = true
24-Aug-2016 14:56:39.219 INFO [localhost-startStop-2] org.apache.catalina.startup.HostConfig.deployWAR Deployment of web application archive D:\eclipse\eclipse-nenon-x64\workspace\kohler\target\tomcat8x\webapps\site.war has finished in 14,155 ms
