18-Jul-2016 14:57:14.580 INFO [main] org.apache.catalina.core.AprLifecycleListener.lifecycleEvent The APR based Apache Tomcat Native library which allows optimal performance in production environments was not found on the java.library.path: C:\Program Files\Java\jdk1.8.0_91\jre\bin;C:\Windows\Sun\Java\bin;C:\Windows\system32;C:\Windows;C:\ProgramData\Oracle\Java\javapath;C:\Program Files\CollabNet\Subversion Client;C:\Program Files\Common Files\Microsoft Shared\Microsoft Online Services;C:\Program Files (x86)\Common Files\Microsoft Shared\Microsoft Online Services;E:\apache-ant-1.9.2\binE:\apache-ant-1.9.2\lib;E:\app\fxiong\product\11.2.0\dbhome_1\bin;C:\Program Files\Common Files\Microsoft Shared\Windows Live;C:\Program Files (x86)\Common Files\Microsoft Shared\Windows Live;C:\Windows\system32;C:\Windows;C:\Windows\System32\Wbem;C:\Windows\System32\WindowsPowerShell\v1.0\;C:\Program Files (x86)\Windows Live\Shared;C:\PROGRA~1\DISKEE~1\DISKEE~1\;C:\Program Files\Java\jdk1.8.0_91\bin;C:\Program Files\Java\jdk1.8.0_91\jre\bin;E:\apache-tomcat-7.0.27\bin;E:\Python30;E:\Ruby200-x64\bin;C:\Program Files\TortoiseSVN\bin;E:\apache-ant-1.9.2\bin;E:\Program Files (x86)\Brackets\command;D:\Apache\apache-maven-3.2.1\bin;D:\Adobe\vault-cli-3.1.6\bin;C:\Program Files (x86)\Skype\Phone\;C:\Program Files\Git\cmd;E:\Program Files\nodejs\;E:\Program Files\TortoiseGit\bin;E:\Ruby200-x64\bin;C:\Users\fxiong\AppData\Roaming\npm;.
18-Jul-2016 14:57:14.833 INFO [main] org.apache.coyote.AbstractProtocol.init Initializing ProtocolHandler ["http-nio-8080"]
18-Jul-2016 14:57:14.946 INFO [main] org.apache.tomcat.util.net.NioSelectorPool.getSharedSelector Using a shared selector for servlet write/read
18-Jul-2016 14:57:14.951 INFO [main] org.apache.coyote.AbstractProtocol.init Initializing ProtocolHandler ["ajp-nio-8009"]
18-Jul-2016 14:57:14.957 INFO [main] org.apache.tomcat.util.net.NioSelectorPool.getSharedSelector Using a shared selector for servlet write/read
18-Jul-2016 14:57:14.958 INFO [main] org.apache.catalina.startup.Catalina.load Initialization processed in 1124 ms
18-Jul-2016 14:57:15.038 INFO [main] org.apache.catalina.core.StandardService.startInternal Starting service Catalina
18-Jul-2016 14:57:15.039 INFO [main] org.apache.catalina.core.StandardEngine.startInternal Starting Servlet Engine: Apache Tomcat/8.0.36
18-Jul-2016 14:57:15.078 INFO [localhost-startStop-1] org.apache.catalina.startup.HostConfig.deployWAR Deploying web application archive D:\eclipse\eclipse-nenon-x64\workspace\kohler\target\tomcat8x\webapps\cargocpc.war
18-Jul-2016 14:57:15.914 INFO [localhost-startStop-1] org.apache.catalina.util.SessionIdGeneratorBase.createSecureRandom Creation of SecureRandom instance for session ID generation using [SHA1PRNG] took [118] milliseconds.
18-Jul-2016 14:57:15.933 INFO [localhost-startStop-1] org.apache.catalina.startup.HostConfig.deployWAR Deployment of web application archive D:\eclipse\eclipse-nenon-x64\workspace\kohler\target\tomcat8x\webapps\cargocpc.war has finished in 855 ms
18-Jul-2016 14:57:15.934 INFO [localhost-startStop-1] org.apache.catalina.startup.HostConfig.deployWAR Deploying web application archive D:\eclipse\eclipse-nenon-x64\workspace\kohler\target\tomcat8x\webapps\cms.war
18-Jul-2016 14:58:13.885 INFO [localhost-startStop-1] org.apache.catalina.startup.HostConfig.deployWAR Deployment of web application archive D:\eclipse\eclipse-nenon-x64\workspace\kohler\target\tomcat8x\webapps\cms.war has finished in 57,951 ms
18-Jul-2016 14:58:13.887 INFO [localhost-startStop-1] org.apache.catalina.startup.HostConfig.deployWAR Deploying web application archive D:\eclipse\eclipse-nenon-x64\workspace\kohler\target\tomcat8x\webapps\essentials.war
18-Jul-2016 14:58:37.880 INFO [localhost-startStop-1] org.apache.catalina.startup.HostConfig.deployWAR Deployment of web application archive D:\eclipse\eclipse-nenon-x64\workspace\kohler\target\tomcat8x\webapps\essentials.war has finished in 23,993 ms
18-Jul-2016 14:58:37.888 INFO [localhost-startStop-1] org.apache.catalina.startup.HostConfig.deployWAR Deploying web application archive D:\eclipse\eclipse-nenon-x64\workspace\kohler\target\tomcat8x\webapps\site.war
18-Jul-2016 14:58:37.898 INFO [localhost-startStop-1] org.apache.catalina.realm.JAASRealm.setUseContextClassLoader Setting useContextClassLoader = true
18-Jul-2016 14:58:50.943 INFO [localhost-startStop-1] org.apache.catalina.startup.HostConfig.deployWAR Deployment of web application archive D:\eclipse\eclipse-nenon-x64\workspace\kohler\target\tomcat8x\webapps\site.war has finished in 13,054 ms
18-Jul-2016 14:58:51.042 INFO [localhost-startStop-1] org.apache.catalina.startup.HostConfig.deployDirectory Deploying web application directory D:\eclipse\eclipse-nenon-x64\workspace\kohler\target\tomcat8x\webapps\host-manager
18-Jul-2016 14:58:51.182 INFO [localhost-startStop-1] org.apache.catalina.startup.HostConfig.deployDirectory Deployment of web application directory D:\eclipse\eclipse-nenon-x64\workspace\kohler\target\tomcat8x\webapps\host-manager has finished in 140 ms
18-Jul-2016 14:58:51.188 INFO [localhost-startStop-1] org.apache.catalina.startup.HostConfig.deployDirectory Deploying web application directory D:\eclipse\eclipse-nenon-x64\workspace\kohler\target\tomcat8x\webapps\manager
18-Jul-2016 14:58:51.249 INFO [localhost-startStop-1] org.apache.catalina.startup.HostConfig.deployDirectory Deployment of web application directory D:\eclipse\eclipse-nenon-x64\workspace\kohler\target\tomcat8x\webapps\manager has finished in 62 ms
18-Jul-2016 14:58:51.377 INFO [main] org.apache.coyote.AbstractProtocol.start Starting ProtocolHandler ["http-nio-8080"]
18-Jul-2016 14:58:51.396 INFO [main] org.apache.coyote.AbstractProtocol.start Starting ProtocolHandler ["ajp-nio-8009"]
18-Jul-2016 14:58:51.400 INFO [main] org.apache.catalina.startup.Catalina.start Server startup in 96435 ms
